<?xml version="1.0" encoding="UTF-8"?>
<!-- Generated by org.testng.reporters.JUnitXMLReporter -->
<testsuite hostname="GOYAL-PC" ignored="0" name="Default test" tests="6" failures="0" timestamp="21 Mar 2021 14:57:54 GMT" time="247.255" errors="0">
  <testcase name="menuNavigate" time="2.127" classname="com.org.testcases.LennoxLogin"/>
  <testcase name="selectLead" time="15.113" classname="com.org.testcases.LennoxLogin"/>
  <testcase name="addLead" time="8.083" classname="com.org.testcases.LennoxLogin"/>
  <testcase name="dataFillLead" time="71.939" classname="com.org.testcases.LennoxLogin"/>
  <testcase name="dataFillLead" time="42.726" classname="com.org.testcases.LennoxLogin"/>
  <testcase name="dataFillLead" time="39.397" classname="com.org.testcases.LennoxLogin"/>
</testsuite> <!-- Default test -->
