<?xml version="1.0" encoding="UTF-8"?>
<!-- Generated by org.testng.reporters.JUnitXMLReporter -->
<testsuite hostname="GOYAL-PC" ignored="0" name="Default test" tests="6" failures="0" timestamp="21 Mar 2021 17:35:44 GMT" time="283.565" errors="0">
  <testcase name="menuNavigate" time="0.948" classname="com.org.testcases.LennoxLogin"/>
  <testcase name="selectLead" time="28.545" classname="com.org.testcases.LennoxLogin"/>
  <testcase name="addLead" time="27.368" classname="com.org.testcases.LennoxLogin"/>
  <testcase name="dataFillLead" time="47.487" classname="com.org.testcases.LennoxLogin"/>
  <testcase name="dataFillLead" time="33.745" classname="com.org.testcases.LennoxLogin"/>
  <testcase name="dataFillLead" time="30.62" classname="com.org.testcases.LennoxLogin"/>
</testsuite> <!-- Default test -->
