<?xml version="1.0" encoding="UTF-8"?>
<!-- Generated by org.testng.reporters.JUnitXMLReporter -->
<testsuite hostname="GOYAL-PC" ignored="0" name="Test" tests="6" failures="0" timestamp="23 Mar 2021 07:25:16 GMT" time="464.826" errors="0">
  <testcase name="menuNavigate" time="3.603" classname="com.org.testcases.LennoxLogin"/>
  <testcase name="selectLead" time="35.549" classname="com.org.testcases.LennoxLogin"/>
  <testcase name="addLead" time="33.434" classname="com.org.testcases.LennoxLogin"/>
  <testcase name="dataFillLead" time="108.931" classname="com.org.testcases.LennoxLogin"/>
  <testcase name="dataFillLead" time="61.332" classname="com.org.testcases.LennoxLogin"/>
  <testcase name="dataFillLead" time="68.873" classname="com.org.testcases.LennoxLogin"/>
</testsuite> <!-- Test -->
