<?xml version="1.0" encoding="UTF-8"?>
<testng-results skipped="0" failed="0" ignored="0" total="6" passed="6">
  <reporter-output>
  </reporter-output>
  <suite name="Default suite" duration-ms="283565" started-at="2021-03-21T17:31:01Z" finished-at="2021-03-21T17:35:44Z">
    <groups>
    </groups>
    <test name="Default test" duration-ms="283565" started-at="2021-03-21T17:31:01Z" finished-at="2021-03-21T17:35:44Z">
      <class name="com.org.testcases.LennoxLogin">
        <test-method status="PASS" signature="setupSuit()[pri:0, instance:com.org.testcases.LennoxLogin@6500df86]" name="setupSuit" is-config="true" duration-ms="2160" started-at="2021-03-21T17:30:59Z" finished-at="2021-03-21T17:31:01Z">
          <reporter-output>
          </reporter-output>
        </test-method> <!-- setupSuit -->
        <test-method status="PASS" signature="loginLennox()[pri:0, instance:com.org.testcases.LennoxLogin@6500df86]" name="loginLennox" is-config="true" duration-ms="97104" started-at="2021-03-21T17:31:01Z" finished-at="2021-03-21T17:32:38Z">
          <reporter-output>
          </reporter-output>
        </test-method> <!-- loginLennox -->
        <test-method status="PASS" signature="menuNavigate()[pri:1, instance:com.org.testcases.LennoxLogin@6500df86]" name="menuNavigate" duration-ms="948" started-at="2021-03-21T17:32:38Z" finished-at="2021-03-21T17:32:39Z">
          <reporter-output>
          </reporter-output>
        </test-method> <!-- menuNavigate -->
        <test-method status="PASS" signature="tearDownMethod(org.testng.ITestResult)[pri:0, instance:com.org.testcases.LennoxLogin@6500df86]" name="tearDownMethod" is-config="true" duration-ms="2303" started-at="2021-03-21T17:32:39Z" finished-at="2021-03-21T17:32:41Z">
          <params>
            <param index="0">
              <value>
                <![CDATA[[TestResult name=menuNavigate status=SUCCESS method=LennoxLogin.menuNavigate()[pri:1, instance:com.org.testcases.LennoxLogin@6500df86] output={null}]]]>
              </value>
            </param>
          </params>
          <reporter-output>
          </reporter-output>
        </test-method> <!-- tearDownMethod -->
        <test-method status="PASS" signature="selectLead()[pri:2, instance:com.org.testcases.LennoxLogin@6500df86]" name="selectLead" duration-ms="28545" started-at="2021-03-21T17:32:41Z" finished-at="2021-03-21T17:33:10Z">
          <reporter-output>
          </reporter-output>
        </test-method> <!-- selectLead -->
        <test-method status="PASS" signature="tearDownMethod(org.testng.ITestResult)[pri:0, instance:com.org.testcases.LennoxLogin@6500df86]" name="tearDownMethod" is-config="true" duration-ms="683" started-at="2021-03-21T17:33:10Z" finished-at="2021-03-21T17:33:11Z">
          <params>
            <param index="0">
              <value>
                <![CDATA[[TestResult name=selectLead status=SUCCESS method=LennoxLogin.selectLead()[pri:2, instance:com.org.testcases.LennoxLogin@6500df86] output={null}]]]>
              </value>
            </param>
          </params>
          <reporter-output>
          </reporter-output>
        </test-method> <!-- tearDownMethod -->
        <test-method status="PASS" signature="addLead()[pri:3, instance:com.org.testcases.LennoxLogin@6500df86]" name="addLead" duration-ms="27368" started-at="2021-03-21T17:33:11Z" finished-at="2021-03-21T17:33:38Z">
          <reporter-output>
          </reporter-output>
        </test-method> <!-- addLead -->
        <test-method status="PASS" signature="tearDownMethod(org.testng.ITestResult)[pri:0, instance:com.org.testcases.LennoxLogin@6500df86]" name="tearDownMethod" is-config="true" duration-ms="507" started-at="2021-03-21T17:33:38Z" finished-at="2021-03-21T17:33:39Z">
          <params>
            <param index="0">
              <value>
                <![CDATA[[TestResult name=addLead status=SUCCESS method=LennoxLogin.addLead()[pri:3, instance:com.org.testcases.LennoxLogin@6500df86] output={null}]]]>
              </value>
            </param>
          </params>
          <reporter-output>
          </reporter-output>
        </test-method> <!-- tearDownMethod -->
        <test-method status="PASS" signature="dataFillLead(java.lang.String, java.lang.String, java.lang.String, java.lang.String, java.lang.String, java.lang.String, java.lang.String, java.lang.String, java.lang.String, java.lang.String, java.lang.String, java.lang.String, java.lang.String)[pri:4, instance:com.org.testcases.LennoxLogin@6500df86]" name="dataFillLead" duration-ms="47487" started-at="2021-03-21T17:33:47Z" data-provider="DataFillLeadPage" finished-at="2021-03-21T17:34:35Z">
          <params>
            <param index="0">
              <value>
                <![CDATA[CCZ]]>
              </value>
            </param>
            <param index="1">
              <value>
                <![CDATA[Kapoor]]>
              </value>
            </param>
            <param index="2">
              <value>
                <![CDATA[axyz@gmail.com]]>
              </value>
            </param>
            <param index="3">
              <value>
                <![CDATA[8537465548]]>
              </value>
            </param>
            <param index="4">
              <value>
                <![CDATA[April 2021]]>
              </value>
            </param>
            <param index="5">
              <value>
                <![CDATA[15]]>
              </value>
            </param>
            <param index="6">
              <value>
                <![CDATA[08:00 PM]]>
              </value>
            </param>
            <param index="7">
              <value>
                <![CDATA[August 2021]]>
              </value>
            </param>
            <param index="8">
              <value>
                <![CDATA[20]]>
              </value>
            </param>
            <param index="9">
              <value>
                <![CDATA[09:45 AM]]>
              </value>
            </param>
            <param index="10">
              <value>
                <![CDATA[/DataFile/LynnoxDoc.docx]]>
              </value>
            </param>
            <param index="11">
              <value>
                <![CDATA[OTHER]]>
              </value>
            </param>
            <param index="12">
              <value>
                <![CDATA[/DataFile/LennoxImage.jpg]]>
              </value>
            </param>
          </params>
          <reporter-output>
          </reporter-output>
        </test-method> <!-- dataFillLead -->
        <test-method status="PASS" signature="tearDownMethod(org.testng.ITestResult)[pri:0, instance:com.org.testcases.LennoxLogin@6500df86]" name="tearDownMethod" is-config="true" duration-ms="594" started-at="2021-03-21T17:34:35Z" finished-at="2021-03-21T17:34:35Z">
          <params>
            <param index="0">
              <value>
                <![CDATA[[TestResult name=dataFillLead status=SUCCESS method=LennoxLogin.dataFillLead(java.lang.String, java.lang.String, java.lang.String, java.lang.String, java.lang.String, java.lang.String, java.lang.String, java.lang.String, java.lang.String, java.lang.String, java.lang.String, java.lang.String, java.lang.String)[pri:4, instance:com.org.testcases.LennoxLogin@6500df86] output={null}]]]>
              </value>
            </param>
          </params>
          <reporter-output>
          </reporter-output>
        </test-method> <!-- tearDownMethod -->
        <test-method status="PASS" signature="dataFillLead(java.lang.String, java.lang.String, java.lang.String, java.lang.String, java.lang.String, java.lang.String, java.lang.String, java.lang.String, java.lang.String, java.lang.String, java.lang.String, java.lang.String, java.lang.String)[pri:4, instance:com.org.testcases.LennoxLogin@6500df86]" name="dataFillLead" duration-ms="33745" started-at="2021-03-21T17:34:35Z" data-provider="DataFillLeadPage" finished-at="2021-03-21T17:35:09Z">
          <params>
            <param index="0">
              <value>
                <![CDATA[CBC]]>
              </value>
            </param>
            <param index="1">
              <value>
                <![CDATA[Khan]]>
              </value>
            </param>
            <param index="2">
              <value>
                <![CDATA[ejfn@gmail.com]]>
              </value>
            </param>
            <param index="3">
              <value>
                <![CDATA[6795684593]]>
              </value>
            </param>
            <param index="4">
              <value>
                <![CDATA[June 2021]]>
              </value>
            </param>
            <param index="5">
              <value>
                <![CDATA[7]]>
              </value>
            </param>
            <param index="6">
              <value>
                <![CDATA[06:30 AM]]>
              </value>
            </param>
            <param index="7">
              <value>
                <![CDATA[December 2021]]>
              </value>
            </param>
            <param index="8">
              <value>
                <![CDATA[29]]>
              </value>
            </param>
            <param index="9">
              <value>
                <![CDATA[08:00 PM]]>
              </value>
            </param>
            <param index="10">
              <value>
                <![CDATA[]]>
              </value>
            </param>
            <param index="11">
              <value>
                <![CDATA[]]>
              </value>
            </param>
            <param index="12">
              <value>
                <![CDATA[]]>
              </value>
            </param>
          </params>
          <reporter-output>
          </reporter-output>
        </test-method> <!-- dataFillLead -->
        <test-method status="PASS" signature="tearDownMethod(org.testng.ITestResult)[pri:0, instance:com.org.testcases.LennoxLogin@6500df86]" name="tearDownMethod" is-config="true" duration-ms="682" started-at="2021-03-21T17:35:09Z" finished-at="2021-03-21T17:35:10Z">
          <params>
            <param index="0">
              <value>
                <![CDATA[[TestResult name=dataFillLead status=SUCCESS method=LennoxLogin.dataFillLead(java.lang.String, java.lang.String, java.lang.String, java.lang.String, java.lang.String, java.lang.String, java.lang.String, java.lang.String, java.lang.String, java.lang.String, java.lang.String, java.lang.String, java.lang.String)[pri:4, instance:com.org.testcases.LennoxLogin@6500df86] output={null}]]]>
              </value>
            </param>
          </params>
          <reporter-output>
          </reporter-output>
        </test-method> <!-- tearDownMethod -->
        <test-method status="PASS" signature="dataFillLead(java.lang.String, java.lang.String, java.lang.String, java.lang.String, java.lang.String, java.lang.String, java.lang.String, java.lang.String, java.lang.String, java.lang.String, java.lang.String, java.lang.String, java.lang.String)[pri:4, instance:com.org.testcases.LennoxLogin@6500df86]" name="dataFillLead" duration-ms="30620" started-at="2021-03-21T17:35:10Z" data-provider="DataFillLeadPage" finished-at="2021-03-21T17:35:40Z">
          <params>
            <param index="0">
              <value>
                <![CDATA[CCC]]>
              </value>
            </param>
            <param index="1">
              <value>
                <![CDATA[Kumari]]>
              </value>
            </param>
            <param index="2">
              <value>
                <![CDATA[ytrbgf@gmail.com]]>
              </value>
            </param>
            <param index="3">
              <value>
                <![CDATA[6874749273]]>
              </value>
            </param>
            <param index="4">
              <value>
                <![CDATA[July 2021]]>
              </value>
            </param>
            <param index="5">
              <value>
                <![CDATA[28]]>
              </value>
            </param>
            <param index="6">
              <value>
                <![CDATA[11:30 PM]]>
              </value>
            </param>
            <param index="7">
              <value>
                <![CDATA[January 2022]]>
              </value>
            </param>
            <param index="8">
              <value>
                <![CDATA[20]]>
              </value>
            </param>
            <param index="9">
              <value>
                <![CDATA[02:30 PM]]>
              </value>
            </param>
            <param index="10">
              <value>
                <![CDATA[]]>
              </value>
            </param>
            <param index="11">
              <value>
                <![CDATA[]]>
              </value>
            </param>
            <param index="12">
              <value>
                <![CDATA[]]>
              </value>
            </param>
          </params>
          <reporter-output>
          </reporter-output>
        </test-method> <!-- dataFillLead -->
        <test-method status="PASS" signature="tearDownMethod(org.testng.ITestResult)[pri:0, instance:com.org.testcases.LennoxLogin@6500df86]" name="tearDownMethod" is-config="true" duration-ms="529" started-at="2021-03-21T17:35:40Z" finished-at="2021-03-21T17:35:41Z">
          <params>
            <param index="0">
              <value>
                <![CDATA[[TestResult name=dataFillLead status=SUCCESS method=LennoxLogin.dataFillLead(java.lang.String, java.lang.String, java.lang.String, java.lang.String, java.lang.String, java.lang.String, java.lang.String, java.lang.String, java.lang.String, java.lang.String, java.lang.String, java.lang.String, java.lang.String)[pri:4, instance:com.org.testcases.LennoxLogin@6500df86] output={null}]]]>
              </value>
            </param>
          </params>
          <reporter-output>
          </reporter-output>
        </test-method> <!-- tearDownMethod -->
        <test-method status="PASS" signature="tearDown()[pri:0, instance:com.org.testcases.LennoxLogin@6500df86]" name="tearDown" is-config="true" duration-ms="3515" started-at="2021-03-21T17:35:41Z" finished-at="2021-03-21T17:35:44Z">
          <reporter-output>
          </reporter-output>
        </test-method> <!-- tearDown -->
      </class> <!-- com.org.testcases.LennoxLogin -->
    </test> <!-- Default test -->
  </suite> <!-- Default suite -->
</testng-results>
